CRITICAL - 2022-06-22 23:44:41 --> Allowed memory size of 268435456 bytes exhausted (tried to allocate 141324544 bytes)
#0 [internal function]: CodeIgniter\Debug\Exceptions->shutdownHandler()
#1 {main}
CRITICAL - 2022-06-22 15:44:54 --> The action you requested is not allowed.
#0 /home1/rgxszumy/public_html/HRM-KaKebe/system/Security/Security.php(240): CodeIgniter\Security\Exceptions\SecurityException::forDisallowedAction()
#1 /home1/rgxszumy/public_html/HRM-KaKebe/system/Filters/CSRF.php(57): CodeIgniter\Security\Security->verify(Object(CodeIgniter\HTTP\IncomingRequest))
#2 /home1/rgxszumy/public_html/HRM-KaKebe/system/Filters/Filters.php(181): CodeIgniter\Filters\CSRF->before(Object(CodeIgniter\HTTP\IncomingRequest), NULL)
#3 /home1/rgxszumy/public_html/HRM-KaKebe/system/CodeIgniter.php(407): CodeIgniter\Filters\Filters->run('/erp/employees/...', 'before')
#4 /home1/rgxszumy/public_html/HRM-KaKebe/system/CodeIgniter.php(336): CodeIgniter\CodeIgniter->handleRequest(NULL, Object(Config\Cache), false)
#5 /home1/rgxszumy/public_html/HRM-KaKebe/index.php(45): CodeIgniter\CodeIgniter->run()
#6 {main}
CRITICAL - 2022-06-22 23:57:30 --> Allowed memory size of 268435456 bytes exhausted (tried to allocate 141324544 bytes)
#0 [internal function]: CodeIgniter\Debug\Exceptions->shutdownHandler()
#1 {main}
CRITICAL - 2022-06-22 15:57:50 --> The action you requested is not allowed.
#0 /home1/rgxszumy/public_html/HRM-KaKebe/system/Security/Security.php(240): CodeIgniter\Security\Exceptions\SecurityException::forDisallowedAction()
#1 /home1/rgxszumy/public_html/HRM-KaKebe/system/Filters/CSRF.php(57): CodeIgniter\Security\Security->verify(Object(CodeIgniter\HTTP\IncomingRequest))
#2 /home1/rgxszumy/public_html/HRM-KaKebe/system/Filters/Filters.php(181): CodeIgniter\Filters\CSRF->before(Object(CodeIgniter\HTTP\IncomingRequest), NULL)
#3 /home1/rgxszumy/public_html/HRM-KaKebe/system/CodeIgniter.php(407): CodeIgniter\Filters\Filters->run('/erp/employees/...', 'before')
#4 /home1/rgxszumy/public_html/HRM-KaKebe/system/CodeIgniter.php(336): CodeIgniter\CodeIgniter->handleRequest(NULL, Object(Config\Cache), false)
#5 /home1/rgxszumy/public_html/HRM-KaKebe/index.php(45): CodeIgniter\CodeIgniter->run()
#6 {main}
